2025-01-31 21:05:48,715 [ 1] INFO  Unity: LoadingManager start
2025-01-31 21:05:55,478 [ 1] INFO  Unity: DataManager > DataManager()
2025-01-31 21:06:05,047 [ 1] INFO  Unity: 发送登录请求：username:t2 password:123
2025-01-31 21:06:05,049 [ 1] INFO  Unity: 连接到服务器
2025-01-31 21:06:05,053 [ 1] INFO  Unity: DoConnect
2025-01-31 21:06:05,055 [ 1] INFO  Unity: NetClient.DoConnect on 127.0.0.1:8089
2025-01-31 21:06:05,057 [ 1] INFO  Unity: Connect[0] to server 127.0.0.1:8089

2025-01-31 21:06:05,063 [ 1] INFO  Unity: 服务器连接:0 reason:Success
2025-01-31 21:06:05,179 [ 1] INFO  Unity: 接收登录响应: Result:Success Msg:登录成功
2025-01-31 21:06:05,180 [ 1] INFO  Unity: LoadLevel: CharChoose
2025-01-31 21:06:05,381 [ 1] INFO  Unity: LevelLoadCompleted:1
2025-01-31 21:06:05,401 [ 1] INFO  Unity: There are 2 audio listeners in the scene. Please ensure there is always exactly one audio listener in the scene.
2025-01-31 21:06:05,435 [ 1] INFO  Unity: There are 2 audio listeners in the scene. Please ensure there is always exactly one audio listener in the scene.
2025-01-31 21:06:05,446 [ 1] INFO  Unity: There are 2 audio listeners in the scene. Please ensure there is always exactly one audio listener in the scene.
2025-01-31 21:06:05,447 [ 1] INFO  Unity: There are 2 audio listeners in the scene. Please ensure there is always exactly one audio listener in the scene.
2025-01-31 21:06:05,448 [ 1] INFO  Unity: There are 2 audio listeners in the scene. Please ensure there is always exactly one audio listener in the scene.
2025-01-31 21:06:05,457 [ 1] INFO  Unity: There are 2 audio listeners in the scene. Please ensure there is always exactly one audio listener in the scene.
2025-01-31 21:06:05,465 [ 1] INFO  Unity: There are 2 audio listeners in the scene. Please ensure there is always exactly one audio listener in the scene.
2025-01-31 21:06:05,466 [ 1] INFO  Unity: There are 2 audio listeners in the scene. Please ensure there is always exactly one audio listener in the scene.
2025-01-31 21:06:05,473 [ 1] INFO  Unity: There are 2 audio listeners in the scene. Please ensure there is always exactly one audio listener in the scene.
2025-01-31 21:06:05,480 [ 1] INFO  Unity: There are 2 audio listeners in the scene. Please ensure there is always exactly one audio listener in the scene.
2025-01-31 21:06:05,481 [ 1] INFO  Unity: There are 2 audio listeners in the scene. Please ensure there is always exactly one audio listener in the scene.
2025-01-31 21:06:05,487 [ 1] INFO  Unity: There are 2 audio listeners in the scene. Please ensure there is always exactly one audio listener in the scene.
2025-01-31 21:06:05,494 [ 1] INFO  Unity: There are 2 audio listeners in the scene. Please ensure there is always exactly one audio listener in the scene.
2025-01-31 21:06:05,502 [ 1] INFO  Unity: There are 2 audio listeners in the scene. Please ensure there is always exactly one audio listener in the scene.
2025-01-31 21:06:05,503 [ 1] INFO  Unity: There are 2 audio listeners in the scene. Please ensure there is always exactly one audio listener in the scene.
2025-01-31 21:06:05,511 [ 1] INFO  Unity: There are 2 audio listeners in the scene. Please ensure there is always exactly one audio listener in the scene.
2025-01-31 21:06:05,518 [ 1] INFO  Unity: There are 2 audio listeners in the scene. Please ensure there is always exactly one audio listener in the scene.
2025-01-31 21:06:05,519 [ 1] INFO  Unity: There are 2 audio listeners in the scene. Please ensure there is always exactly one audio listener in the scene.
2025-01-31 21:06:05,526 [ 1] INFO  Unity: There are 2 audio listeners in the scene. Please ensure there is always exactly one audio listener in the scene.
2025-01-31 21:06:05,533 [ 1] INFO  Unity: There are 2 audio listeners in the scene. Please ensure there is always exactly one audio listener in the scene.
2025-01-31 21:06:05,534 [ 1] INFO  Unity: There are 2 audio listeners in the scene. Please ensure there is always exactly one audio listener in the scene.
2025-01-31 21:06:05,541 [ 1] INFO  Unity: There are 2 audio listeners in the scene. Please ensure there is always exactly one audio listener in the scene.
2025-01-31 21:06:05,548 [ 1] INFO  Unity: There are 2 audio listeners in the scene. Please ensure there is always exactly one audio listener in the scene.
2025-01-31 21:06:05,550 [ 1] INFO  Unity: There are 2 audio listeners in the scene. Please ensure there is always exactly one audio listener in the scene.
2025-01-31 21:06:05,557 [ 1] INFO  Unity: There are 2 audio listeners in the scene. Please ensure there is always exactly one audio listener in the scene.
2025-01-31 21:06:05,564 [ 1] INFO  Unity: There are 2 audio listeners in the scene. Please ensure there is always exactly one audio listener in the scene.
2025-01-31 21:06:05,564 [ 1] INFO  Unity: There are 2 audio listeners in the scene. Please ensure there is always exactly one audio listener in the scene.
2025-01-31 21:06:05,573 [ 1] INFO  Unity: There are 2 audio listeners in the scene. Please ensure there is always exactly one audio listener in the scene.
2025-01-31 21:06:05,579 [ 1] INFO  Unity: There are 2 audio listeners in the scene. Please ensure there is always exactly one audio listener in the scene.
2025-01-31 21:06:05,580 [ 1] INFO  Unity: There are 2 audio listeners in the scene. Please ensure there is always exactly one audio listener in the scene.
2025-01-31 21:06:05,588 [ 1] INFO  Unity: There are 2 audio listeners in the scene. Please ensure there is always exactly one audio listener in the scene.
2025-01-31 21:06:05,596 [ 1] INFO  Unity: There are 2 audio listeners in the scene. Please ensure there is always exactly one audio listener in the scene.
2025-01-31 21:06:05,603 [ 1] INFO  Unity: There are 2 audio listeners in the scene. Please ensure there is always exactly one audio listener in the scene.
2025-01-31 21:06:05,604 [ 1] INFO  Unity: There are 2 audio listeners in the scene. Please ensure there is always exactly one audio listener in the scene.
2025-01-31 21:06:05,610 [ 1] INFO  Unity: There are 2 audio listeners in the scene. Please ensure there is always exactly one audio listener in the scene.
2025-01-31 21:06:05,618 [ 1] INFO  Unity: There are 2 audio listeners in the scene. Please ensure there is always exactly one audio listener in the scene.
2025-01-31 21:06:05,619 [ 1] INFO  Unity: There are 2 audio listeners in the scene. Please ensure there is always exactly one audio listener in the scene.
2025-01-31 21:06:05,628 [ 1] INFO  Unity: There are 2 audio listeners in the scene. Please ensure there is always exactly one audio listener in the scene.
2025-01-31 21:06:05,635 [ 1] INFO  Unity: There are 2 audio listeners in the scene. Please ensure there is always exactly one audio listener in the scene.
2025-01-31 21:06:05,636 [ 1] INFO  Unity: There are 2 audio listeners in the scene. Please ensure there is always exactly one audio listener in the scene.
2025-01-31 21:06:05,644 [ 1] INFO  Unity: There are 2 audio listeners in the scene. Please ensure there is always exactly one audio listener in the scene.
2025-01-31 21:06:05,654 [ 1] INFO  Unity: There are 2 audio listeners in the scene. Please ensure there is always exactly one audio listener in the scene.
2025-01-31 21:06:05,654 [ 1] INFO  Unity: There are 2 audio listeners in the scene. Please ensure there is always exactly one audio listener in the scene.
2025-01-31 21:06:05,664 [ 1] INFO  Unity: There are 2 audio listeners in the scene. Please ensure there is always exactly one audio listener in the scene.
2025-01-31 21:06:05,665 [ 1] INFO  Unity: There are 2 audio listeners in the scene. Please ensure there is always exactly one audio listener in the scene.
2025-01-31 21:06:05,673 [ 1] INFO  Unity: There are 2 audio listeners in the scene. Please ensure there is always exactly one audio listener in the scene.
2025-01-31 21:06:05,680 [ 1] INFO  Unity: There are 2 audio listeners in the scene. Please ensure there is always exactly one audio listener in the scene.
2025-01-31 21:06:05,681 [ 1] INFO  Unity: There are 2 audio listeners in the scene. Please ensure there is always exactly one audio listener in the scene.
2025-01-31 21:06:05,688 [ 1] INFO  Unity: There are 2 audio listeners in the scene. Please ensure there is always exactly one audio listener in the scene.
2025-01-31 21:06:05,696 [ 1] INFO  Unity: There are 2 audio listeners in the scene. Please ensure there is always exactly one audio listener in the scene.
2025-01-31 21:06:05,697 [ 1] INFO  Unity: There are 2 audio listeners in the scene. Please ensure there is always exactly one audio listener in the scene.
2025-01-31 21:06:05,705 [ 1] INFO  Unity: There are 2 audio listeners in the scene. Please ensure there is always exactly one audio listener in the scene.
2025-01-31 21:06:05,713 [ 1] INFO  Unity: There are 2 audio listeners in the scene. Please ensure there is always exactly one audio listener in the scene.
2025-01-31 21:06:05,714 [ 1] INFO  Unity: There are 2 audio listeners in the scene. Please ensure there is always exactly one audio listener in the scene.
2025-01-31 21:06:05,721 [ 1] INFO  Unity: There are 2 audio listeners in the scene. Please ensure there is always exactly one audio listener in the scene.
2025-01-31 21:06:05,729 [ 1] INFO  Unity: There are 2 audio listeners in the scene. Please ensure there is always exactly one audio listener in the scene.
2025-01-31 21:06:05,736 [ 1] INFO  Unity: There are 2 audio listeners in the scene. Please ensure there is always exactly one audio listener in the scene.
2025-01-31 21:06:05,737 [ 1] INFO  Unity: There are 2 audio listeners in the scene. Please ensure there is always exactly one audio listener in the scene.
2025-01-31 21:06:05,744 [ 1] INFO  Unity: There are 2 audio listeners in the scene. Please ensure there is always exactly one audio listener in the scene.
2025-01-31 21:06:05,752 [ 1] INFO  Unity: There are 2 audio listeners in the scene. Please ensure there is always exactly one audio listener in the scene.
2025-01-31 21:06:05,753 [ 1] INFO  Unity: There are 2 audio listeners in the scene. Please ensure there is always exactly one audio listener in the scene.
2025-01-31 21:06:05,760 [ 1] INFO  Unity: There are 2 audio listeners in the scene. Please ensure there is always exactly one audio listener in the scene.
2025-01-31 21:06:05,769 [ 1] INFO  Unity: There are 2 audio listeners in the scene. Please ensure there is always exactly one audio listener in the scene.
2025-01-31 21:06:05,770 [ 1] INFO  Unity: There are 2 audio listeners in the scene. Please ensure there is always exactly one audio listener in the scene.
2025-01-31 21:06:05,777 [ 1] INFO  Unity: There are 2 audio listeners in the scene. Please ensure there is always exactly one audio listener in the scene.
2025-01-31 21:06:05,786 [ 1] INFO  Unity: There are 2 audio listeners in the scene. Please ensure there is always exactly one audio listener in the scene.
2025-01-31 21:06:05,787 [ 1] INFO  Unity: There are 2 audio listeners in the scene. Please ensure there is always exactly one audio listener in the scene.
2025-01-31 21:06:05,795 [ 1] INFO  Unity: There are 2 audio listeners in the scene. Please ensure there is always exactly one audio listener in the scene.
2025-01-31 21:06:05,803 [ 1] INFO  Unity: There are 2 audio listeners in the scene. Please ensure there is always exactly one audio listener in the scene.
2025-01-31 21:06:05,804 [ 1] INFO  Unity: There are 2 audio listeners in the scene. Please ensure there is always exactly one audio listener in the scene.
2025-01-31 21:06:05,811 [ 1] INFO  Unity: There are 2 audio listeners in the scene. Please ensure there is always exactly one audio listener in the scene.
2025-01-31 21:06:05,819 [ 1] INFO  Unity: There are 2 audio listeners in the scene. Please ensure there is always exactly one audio listener in the scene.
2025-01-31 21:06:05,820 [ 1] INFO  Unity: There are 2 audio listeners in the scene. Please ensure there is always exactly one audio listener in the scene.
2025-01-31 21:06:05,827 [ 1] INFO  Unity: There are 2 audio listeners in the scene. Please ensure there is always exactly one audio listener in the scene.
2025-01-31 21:06:05,834 [ 1] INFO  Unity: There are 2 audio listeners in the scene. Please ensure there is always exactly one audio listener in the scene.
2025-01-31 21:06:05,836 [ 1] INFO  Unity: There are 2 audio listeners in the scene. Please ensure there is always exactly one audio listener in the scene.
2025-01-31 21:06:05,844 [ 1] INFO  Unity: There are 2 audio listeners in the scene. Please ensure there is always exactly one audio listener in the scene.
2025-01-31 21:06:05,852 [ 1] INFO  Unity: There are 2 audio listeners in the scene. Please ensure there is always exactly one audio listener in the scene.
2025-01-31 21:06:05,854 [ 1] INFO  Unity: There are 2 audio listeners in the scene. Please ensure there is always exactly one audio listener in the scene.
2025-01-31 21:06:05,863 [ 1] INFO  Unity: There are 2 audio listeners in the scene. Please ensure there is always exactly one audio listener in the scene.
2025-01-31 21:06:05,865 [ 1] INFO  Unity: There are 2 audio listeners in the scene. Please ensure there is always exactly one audio listener in the scene.
2025-01-31 21:06:05,871 [ 1] INFO  Unity: There are 2 audio listeners in the scene. Please ensure there is always exactly one audio listener in the scene.
2025-01-31 21:06:05,880 [ 1] INFO  Unity: There are 2 audio listeners in the scene. Please ensure there is always exactly one audio listener in the scene.
2025-01-31 21:06:05,881 [ 1] INFO  Unity: There are 2 audio listeners in the scene. Please ensure there is always exactly one audio listener in the scene.
2025-01-31 21:06:05,890 [ 1] INFO  Unity: There are 2 audio listeners in the scene. Please ensure there is always exactly one audio listener in the scene.
2025-01-31 21:06:05,898 [ 1] INFO  Unity: There are 2 audio listeners in the scene. Please ensure there is always exactly one audio listener in the scene.
2025-01-31 21:06:05,899 [ 1] INFO  Unity: There are 2 audio listeners in the scene. Please ensure there is always exactly one audio listener in the scene.
2025-01-31 21:06:05,906 [ 1] INFO  Unity: There are 2 audio listeners in the scene. Please ensure there is always exactly one audio listener in the scene.
2025-01-31 21:06:05,914 [ 1] INFO  Unity: There are 2 audio listeners in the scene. Please ensure there is always exactly one audio listener in the scene.
2025-01-31 21:06:05,915 [ 1] INFO  Unity: There are 2 audio listeners in the scene. Please ensure there is always exactly one audio listener in the scene.
2025-01-31 21:06:05,923 [ 1] INFO  Unity: There are 2 audio listeners in the scene. Please ensure there is always exactly one audio listener in the scene.
2025-01-31 21:06:05,930 [ 1] INFO  Unity: There are 2 audio listeners in the scene. Please ensure there is always exactly one audio listener in the scene.
2025-01-31 21:06:05,931 [ 1] INFO  Unity: There are 2 audio listeners in the scene. Please ensure there is always exactly one audio listener in the scene.
2025-01-31 21:06:05,939 [ 1] INFO  Unity: There are 2 audio listeners in the scene. Please ensure there is always exactly one audio listener in the scene.
2025-01-31 21:06:05,948 [ 1] INFO  Unity: There are 2 audio listeners in the scene. Please ensure there is always exactly one audio listener in the scene.
2025-01-31 21:06:05,949 [ 1] INFO  Unity: There are 2 audio listeners in the scene. Please ensure there is always exactly one audio listener in the scene.
2025-01-31 21:06:05,956 [ 1] INFO  Unity: There are 2 audio listeners in the scene. Please ensure there is always exactly one audio listener in the scene.
2025-01-31 21:06:05,963 [ 1] INFO  Unity: There are 2 audio listeners in the scene. Please ensure there is always exactly one audio listener in the scene.
2025-01-31 21:06:05,964 [ 1] INFO  Unity: There are 2 audio listeners in the scene. Please ensure there is always exactly one audio listener in the scene.
2025-01-31 21:06:05,974 [ 1] INFO  Unity: There are 2 audio listeners in the scene. Please ensure there is always exactly one audio listener in the scene.
2025-01-31 21:06:05,982 [ 1] INFO  Unity: There are 2 audio listeners in the scene. Please ensure there is always exactly one audio listener in the scene.
2025-01-31 21:06:05,983 [ 1] INFO  Unity: There are 2 audio listeners in the scene. Please ensure there is always exactly one audio listener in the scene.
2025-01-31 21:06:05,990 [ 1] INFO  Unity: There are 2 audio listeners in the scene. Please ensure there is always exactly one audio listener in the scene.
2025-01-31 21:06:05,998 [ 1] INFO  Unity: There are 2 audio listeners in the scene. Please ensure there is always exactly one audio listener in the scene.
2025-01-31 21:06:05,999 [ 1] INFO  Unity: There are 2 audio listeners in the scene. Please ensure there is always exactly one audio listener in the scene.
2025-01-31 21:06:06,007 [ 1] INFO  Unity: There are 2 audio listeners in the scene. Please ensure there is always exactly one audio listener in the scene.
2025-01-31 21:06:06,014 [ 1] INFO  Unity: There are 2 audio listeners in the scene. Please ensure there is always exactly one audio listener in the scene.
2025-01-31 21:06:06,016 [ 1] INFO  Unity: There are 2 audio listeners in the scene. Please ensure there is always exactly one audio listener in the scene.
2025-01-31 21:06:06,023 [ 1] INFO  Unity: There are 2 audio listeners in the scene. Please ensure there is always exactly one audio listener in the scene.
2025-01-31 21:06:06,030 [ 1] INFO  Unity: There are 2 audio listeners in the scene. Please ensure there is always exactly one audio listener in the scene.
2025-01-31 21:06:06,031 [ 1] INFO  Unity: There are 2 audio listeners in the scene. Please ensure there is always exactly one audio listener in the scene.
2025-01-31 21:06:06,040 [ 1] INFO  Unity: There are 2 audio listeners in the scene. Please ensure there is always exactly one audio listener in the scene.
2025-01-31 21:06:06,048 [ 1] INFO  Unity: There are 2 audio listeners in the scene. Please ensure there is always exactly one audio listener in the scene.
2025-01-31 21:06:06,049 [ 1] INFO  Unity: There are 2 audio listeners in the scene. Please ensure there is always exactly one audio listener in the scene.
2025-01-31 21:06:06,059 [ 1] INFO  Unity: There are 2 audio listeners in the scene. Please ensure there is always exactly one audio listener in the scene.
2025-01-31 21:06:06,068 [ 1] INFO  Unity: There are 2 audio listeners in the scene. Please ensure there is always exactly one audio listener in the scene.
2025-01-31 21:06:06,069 [ 1] INFO  Unity: There are 2 audio listeners in the scene. Please ensure there is always exactly one audio listener in the scene.
2025-01-31 21:06:06,077 [ 1] INFO  Unity: There are 2 audio listeners in the scene. Please ensure there is always exactly one audio listener in the scene.
2025-01-31 21:06:06,084 [ 1] INFO  Unity: There are 2 audio listeners in the scene. Please ensure there is always exactly one audio listener in the scene.
2025-01-31 21:06:06,086 [ 1] INFO  Unity: There are 2 audio listeners in the scene. Please ensure there is always exactly one audio listener in the scene.
2025-01-31 21:06:06,093 [ 1] INFO  Unity: There are 2 audio listeners in the scene. Please ensure there is always exactly one audio listener in the scene.
2025-01-31 21:06:06,100 [ 1] INFO  Unity: There are 2 audio listeners in the scene. Please ensure there is always exactly one audio listener in the scene.
2025-01-31 21:06:06,101 [ 1] INFO  Unity: There are 2 audio listeners in the scene. Please ensure there is always exactly one audio listener in the scene.
2025-01-31 21:06:06,108 [ 1] INFO  Unity: There are 2 audio listeners in the scene. Please ensure there is always exactly one audio listener in the scene.
2025-01-31 21:06:06,115 [ 1] INFO  Unity: There are 2 audio listeners in the scene. Please ensure there is always exactly one audio listener in the scene.
2025-01-31 21:06:06,116 [ 1] INFO  Unity: There are 2 audio listeners in the scene. Please ensure there is always exactly one audio listener in the scene.
2025-01-31 21:06:06,124 [ 1] INFO  Unity: There are 2 audio listeners in the scene. Please ensure there is always exactly one audio listener in the scene.
2025-01-31 21:06:06,132 [ 1] INFO  Unity: There are 2 audio listeners in the scene. Please ensure there is always exactly one audio listener in the scene.
2025-01-31 21:06:06,133 [ 1] INFO  Unity: There are 2 audio listeners in the scene. Please ensure there is always exactly one audio listener in the scene.
2025-01-31 21:06:06,140 [ 1] INFO  Unity: There are 2 audio listeners in the scene. Please ensure there is always exactly one audio listener in the scene.
2025-01-31 21:06:06,148 [ 1] INFO  Unity: There are 2 audio listeners in the scene. Please ensure there is always exactly one audio listener in the scene.
2025-01-31 21:06:06,149 [ 1] INFO  Unity: There are 2 audio listeners in the scene. Please ensure there is always exactly one audio listener in the scene.
2025-01-31 21:06:06,157 [ 1] INFO  Unity: There are 2 audio listeners in the scene. Please ensure there is always exactly one audio listener in the scene.
2025-01-31 21:06:06,164 [ 1] INFO  Unity: There are 2 audio listeners in the scene. Please ensure there is always exactly one audio listener in the scene.
2025-01-31 21:06:06,165 [ 1] INFO  Unity: There are 2 audio listeners in the scene. Please ensure there is always exactly one audio listener in the scene.
2025-01-31 21:06:06,172 [ 1] INFO  Unity: There are 2 audio listeners in the scene. Please ensure there is always exactly one audio listener in the scene.
2025-01-31 21:06:06,180 [ 1] INFO  Unity: There are 2 audio listeners in the scene. Please ensure there is always exactly one audio listener in the scene.
2025-01-31 21:06:06,181 [ 1] INFO  Unity: There are 2 audio listeners in the scene. Please ensure there is always exactly one audio listener in the scene.
2025-01-31 21:06:06,189 [ 1] INFO  Unity: There are 2 audio listeners in the scene. Please ensure there is always exactly one audio listener in the scene.
2025-01-31 21:06:06,197 [ 1] INFO  Unity: There are 2 audio listeners in the scene. Please ensure there is always exactly one audio listener in the scene.
2025-01-31 21:06:06,198 [ 1] INFO  Unity: There are 2 audio listeners in the scene. Please ensure there is always exactly one audio listener in the scene.
2025-01-31 21:06:06,208 [ 1] INFO  Unity: There are 2 audio listeners in the scene. Please ensure there is always exactly one audio listener in the scene.
2025-01-31 21:06:06,215 [ 1] INFO  Unity: There are 2 audio listeners in the scene. Please ensure there is always exactly one audio listener in the scene.
2025-01-31 21:06:06,216 [ 1] INFO  Unity: There are 2 audio listeners in the scene. Please ensure there is always exactly one audio listener in the scene.
2025-01-31 21:06:06,223 [ 1] INFO  Unity: There are 2 audio listeners in the scene. Please ensure there is always exactly one audio listener in the scene.
2025-01-31 21:06:06,231 [ 1] INFO  Unity: There are 2 audio listeners in the scene. Please ensure there is always exactly one audio listener in the scene.
2025-01-31 21:06:06,232 [ 1] INFO  Unity: There are 2 audio listeners in the scene. Please ensure there is always exactly one audio listener in the scene.
2025-01-31 21:06:06,240 [ 1] INFO  Unity: There are 2 audio listeners in the scene. Please ensure there is always exactly one audio listener in the scene.
2025-01-31 21:06:06,247 [ 1] INFO  Unity: There are 2 audio listeners in the scene. Please ensure there is always exactly one audio listener in the scene.
2025-01-31 21:06:06,254 [ 1] INFO  Unity: There are 2 audio listeners in the scene. Please ensure there is always exactly one audio listener in the scene.
2025-01-31 21:06:06,255 [ 1] INFO  Unity: There are 2 audio listeners in the scene. Please ensure there is always exactly one audio listener in the scene.
2025-01-31 21:06:06,265 [ 1] INFO  Unity: There are 2 audio listeners in the scene. Please ensure there is always exactly one audio listener in the scene.
2025-01-31 21:06:06,266 [ 1] INFO  Unity: There are 2 audio listeners in the scene. Please ensure there is always exactly one audio listener in the scene.
2025-01-31 21:06:06,275 [ 1] INFO  Unity: There are 2 audio listeners in the scene. Please ensure there is always exactly one audio listener in the scene.
2025-01-31 21:06:06,282 [ 1] INFO  Unity: There are 2 audio listeners in the scene. Please ensure there is always exactly one audio listener in the scene.
2025-01-31 21:06:06,283 [ 1] INFO  Unity: There are 2 audio listeners in the scene. Please ensure there is always exactly one audio listener in the scene.
2025-01-31 21:06:06,290 [ 1] INFO  Unity: There are 2 audio listeners in the scene. Please ensure there is always exactly one audio listener in the scene.
2025-01-31 21:06:06,299 [ 1] INFO  Unity: There are 2 audio listeners in the scene. Please ensure there is always exactly one audio listener in the scene.
2025-01-31 21:06:06,301 [ 1] INFO  Unity: There are 2 audio listeners in the scene. Please ensure there is always exactly one audio listener in the scene.
2025-01-31 21:06:06,314 [ 1] INFO  Unity: There are 2 audio listeners in the scene. Please ensure there is always exactly one audio listener in the scene.
2025-01-31 21:06:06,322 [ 1] INFO  Unity: There are 2 audio listeners in the scene. Please ensure there is always exactly one audio listener in the scene.
2025-01-31 21:06:06,323 [ 1] INFO  Unity: There are 2 audio listeners in the scene. Please ensure there is always exactly one audio listener in the scene.
2025-01-31 21:06:06,330 [ 1] INFO  Unity: There are 2 audio listeners in the scene. Please ensure there is always exactly one audio listener in the scene.
2025-01-31 21:06:06,337 [ 1] INFO  Unity: There are 2 audio listeners in the scene. Please ensure there is always exactly one audio listener in the scene.
2025-01-31 21:06:06,338 [ 1] INFO  Unity: There are 2 audio listeners in the scene. Please ensure there is always exactly one audio listener in the scene.
2025-01-31 21:06:06,345 [ 1] INFO  Unity: There are 2 audio listeners in the scene. Please ensure there is always exactly one audio listener in the scene.
2025-01-31 21:06:06,352 [ 1] INFO  Unity: There are 2 audio listeners in the scene. Please ensure there is always exactly one audio listener in the scene.
2025-01-31 21:06:06,353 [ 1] INFO  Unity: There are 2 audio listeners in the scene. Please ensure there is always exactly one audio listener in the scene.
2025-01-31 21:06:06,361 [ 1] INFO  Unity: There are 2 audio listeners in the scene. Please ensure there is always exactly one audio listener in the scene.
2025-01-31 21:06:06,367 [ 1] INFO  Unity: There are 2 audio listeners in the scene. Please ensure there is always exactly one audio listener in the scene.
2025-01-31 21:06:06,368 [ 1] INFO  Unity: There are 2 audio listeners in the scene. Please ensure there is always exactly one audio listener in the scene.
2025-01-31 21:06:06,377 [ 1] INFO  Unity: There are 2 audio listeners in the scene. Please ensure there is always exactly one audio listener in the scene.
2025-01-31 21:06:06,384 [ 1] INFO  Unity: There are 2 audio listeners in the scene. Please ensure there is always exactly one audio listener in the scene.
2025-01-31 21:06:06,385 [ 1] INFO  Unity: There are 2 audio listeners in the scene. Please ensure there is always exactly one audio listener in the scene.
2025-01-31 21:06:06,392 [ 1] INFO  Unity: There are 2 audio listeners in the scene. Please ensure there is always exactly one audio listener in the scene.
2025-01-31 21:06:06,401 [ 1] INFO  Unity: There are 2 audio listeners in the scene. Please ensure there is always exactly one audio listener in the scene.
2025-01-31 21:06:06,402 [ 1] INFO  Unity: There are 2 audio listeners in the scene. Please ensure there is always exactly one audio listener in the scene.
2025-01-31 21:06:06,411 [ 1] INFO  Unity: There are 2 audio listeners in the scene. Please ensure there is always exactly one audio listener in the scene.
2025-01-31 21:06:06,419 [ 1] INFO  Unity: There are 2 audio listeners in the scene. Please ensure there is always exactly one audio listener in the scene.
2025-01-31 21:06:06,421 [ 1] INFO  Unity: There are 2 audio listeners in the scene. Please ensure there is always exactly one audio listener in the scene.
2025-01-31 21:06:06,429 [ 1] INFO  Unity: There are 2 audio listeners in the scene. Please ensure there is always exactly one audio listener in the scene.
2025-01-31 21:06:06,438 [ 1] INFO  Unity: There are 2 audio listeners in the scene. Please ensure there is always exactly one audio listener in the scene.
2025-01-31 21:06:06,439 [ 1] INFO  Unity: There are 2 audio listeners in the scene. Please ensure there is always exactly one audio listener in the scene.
2025-01-31 21:06:06,448 [ 1] INFO  Unity: There are 2 audio listeners in the scene. Please ensure there is always exactly one audio listener in the scene.
2025-01-31 21:06:06,455 [ 1] INFO  Unity: There are 2 audio listeners in the scene. Please ensure there is always exactly one audio listener in the scene.
2025-01-31 21:06:06,457 [ 1] INFO  Unity: There are 2 audio listeners in the scene. Please ensure there is always exactly one audio listener in the scene.
2025-01-31 21:06:06,467 [ 1] INFO  Unity: There are 2 audio listeners in the scene. Please ensure there is always exactly one audio listener in the scene.
2025-01-31 21:06:06,468 [ 1] INFO  Unity: There are 2 audio listeners in the scene. Please ensure there is always exactly one audio listener in the scene.
2025-01-31 21:06:06,478 [ 1] INFO  Unity: There are 2 audio listeners in the scene. Please ensure there is always exactly one audio listener in the scene.
2025-01-31 21:06:06,485 [ 1] INFO  Unity: There are 2 audio listeners in the scene. Please ensure there is always exactly one audio listener in the scene.
2025-01-31 21:06:06,486 [ 1] INFO  Unity: There are 2 audio listeners in the scene. Please ensure there is always exactly one audio listener in the scene.
2025-01-31 21:06:06,495 [ 1] INFO  Unity: There are 2 audio listeners in the scene. Please ensure there is always exactly one audio listener in the scene.
2025-01-31 21:06:06,504 [ 1] INFO  Unity: There are 2 audio listeners in the scene. Please ensure there is always exactly one audio listener in the scene.
2025-01-31 21:06:06,505 [ 1] INFO  Unity: There are 2 audio listeners in the scene. Please ensure there is always exactly one audio listener in the scene.
2025-01-31 21:06:06,514 [ 1] INFO  Unity: There are 2 audio listeners in the scene. Please ensure there is always exactly one audio listener in the scene.
2025-01-31 21:06:06,523 [ 1] INFO  Unity: There are 2 audio listeners in the scene. Please ensure there is always exactly one audio listener in the scene.
2025-01-31 21:06:06,524 [ 1] INFO  Unity: There are 2 audio listeners in the scene. Please ensure there is always exactly one audio listener in the scene.
2025-01-31 21:06:06,531 [ 1] INFO  Unity: There are 2 audio listeners in the scene. Please ensure there is always exactly one audio listener in the scene.
2025-01-31 21:06:06,532 [ 1] INFO  Unity: There are 2 audio listeners in the scene. Please ensure there is always exactly one audio listener in the scene.
2025-01-31 21:06:06,541 [ 1] INFO  Unity: There are 2 audio listeners in the scene. Please ensure there is always exactly one audio listener in the scene.
2025-01-31 21:06:06,548 [ 1] INFO  Unity: There are 2 audio listeners in the scene. Please ensure there is always exactly one audio listener in the scene.
2025-01-31 21:06:06,549 [ 1] INFO  Unity: There are 2 audio listeners in the scene. Please ensure there is always exactly one audio listener in the scene.
2025-01-31 21:06:06,557 [ 1] INFO  Unity: There are 2 audio listeners in the scene. Please ensure there is always exactly one audio listener in the scene.
2025-01-31 21:06:06,564 [ 1] INFO  Unity: There are 2 audio listeners in the scene. Please ensure there is always exactly one audio listener in the scene.
2025-01-31 21:06:06,571 [ 1] INFO  Unity: There are 2 audio listeners in the scene. Please ensure there is always exactly one audio listener in the scene.
2025-01-31 21:06:06,573 [ 1] INFO  Unity: There are 2 audio listeners in the scene. Please ensure there is always exactly one audio listener in the scene.
2025-01-31 21:06:06,580 [ 1] INFO  Unity: There are 2 audio listeners in the scene. Please ensure there is always exactly one audio listener in the scene.
2025-01-31 21:06:06,587 [ 1] INFO  Unity: There are 2 audio listeners in the scene. Please ensure there is always exactly one audio listener in the scene.
2025-01-31 21:06:06,588 [ 1] INFO  Unity: There are 2 audio listeners in the scene. Please ensure there is always exactly one audio listener in the scene.
2025-01-31 21:06:06,596 [ 1] INFO  Unity: There are 2 audio listeners in the scene. Please ensure there is always exactly one audio listener in the scene.
2025-01-31 21:06:06,603 [ 1] INFO  Unity: There are 2 audio listeners in the scene. Please ensure there is always exactly one audio listener in the scene.
2025-01-31 21:06:06,604 [ 1] INFO  Unity: There are 2 audio listeners in the scene. Please ensure there is always exactly one audio listener in the scene.
2025-01-31 21:06:06,610 [ 1] INFO  Unity: There are 2 audio listeners in the scene. Please ensure there is always exactly one audio listener in the scene.
2025-01-31 21:06:06,618 [ 1] INFO  Unity: There are 2 audio listeners in the scene. Please ensure there is always exactly one audio listener in the scene.
2025-01-31 21:06:06,619 [ 1] INFO  Unity: There are 2 audio listeners in the scene. Please ensure there is always exactly one audio listener in the scene.
2025-01-31 21:06:06,627 [ 1] INFO  Unity: There are 2 audio listeners in the scene. Please ensure there is always exactly one audio listener in the scene.
2025-01-31 21:06:06,635 [ 1] INFO  Unity: There are 2 audio listeners in the scene. Please ensure there is always exactly one audio listener in the scene.
2025-01-31 21:06:06,636 [ 1] INFO  Unity: There are 2 audio listeners in the scene. Please ensure there is always exactly one audio listener in the scene.
2025-01-31 21:06:06,643 [ 1] INFO  Unity: There are 2 audio listeners in the scene. Please ensure there is always exactly one audio listener in the scene.
2025-01-31 21:06:06,650 [ 1] INFO  Unity: There are 2 audio listeners in the scene. Please ensure there is always exactly one audio listener in the scene.
2025-01-31 21:06:06,651 [ 1] INFO  Unity: There are 2 audio listeners in the scene. Please ensure there is always exactly one audio listener in the scene.
2025-01-31 21:06:06,659 [ 1] INFO  Unity: There are 2 audio listeners in the scene. Please ensure there is always exactly one audio listener in the scene.
2025-01-31 21:06:06,668 [ 1] INFO  Unity: There are 2 audio listeners in the scene. Please ensure there is always exactly one audio listener in the scene.
2025-01-31 21:06:06,669 [ 1] INFO  Unity: There are 2 audio listeners in the scene. Please ensure there is always exactly one audio listener in the scene.
2025-01-31 21:06:06,680 [ 1] INFO  Unity: There are 2 audio listeners in the scene. Please ensure there is always exactly one audio listener in the scene.
2025-01-31 21:06:06,687 [ 1] INFO  Unity: There are 2 audio listeners in the scene. Please ensure there is always exactly one audio listener in the scene.
2025-01-31 21:06:06,688 [ 1] INFO  Unity: There are 2 audio listeners in the scene. Please ensure there is always exactly one audio listener in the scene.
2025-01-31 21:06:06,696 [ 1] INFO  Unity: There are 2 audio listeners in the scene. Please ensure there is always exactly one audio listener in the scene.
2025-01-31 21:06:06,703 [ 1] INFO  Unity: There are 2 audio listeners in the scene. Please ensure there is always exactly one audio listener in the scene.
2025-01-31 21:06:06,704 [ 1] INFO  Unity: There are 2 audio listeners in the scene. Please ensure there is always exactly one audio listener in the scene.
2025-01-31 21:06:06,710 [ 1] INFO  Unity: There are 2 audio listeners in the scene. Please ensure there is always exactly one audio listener in the scene.
2025-01-31 21:06:06,717 [ 1] INFO  Unity: There are 2 audio listeners in the scene. Please ensure there is always exactly one audio listener in the scene.
2025-01-31 21:06:06,719 [ 1] INFO  Unity: There are 2 audio listeners in the scene. Please ensure there is always exactly one audio listener in the scene.
2025-01-31 21:06:06,725 [ 1] INFO  Unity: There are 2 audio listeners in the scene. Please ensure there is always exactly one audio listener in the scene.
2025-01-31 21:06:06,733 [ 1] INFO  Unity: There are 2 audio listeners in the scene. Please ensure there is always exactly one audio listener in the scene.
2025-01-31 21:06:06,734 [ 1] INFO  Unity: There are 2 audio listeners in the scene. Please ensure there is always exactly one audio listener in the scene.
2025-01-31 21:06:06,741 [ 1] INFO  Unity: There are 2 audio listeners in the scene. Please ensure there is always exactly one audio listener in the scene.
2025-01-31 21:06:06,749 [ 1] INFO  Unity: There are 2 audio listeners in the scene. Please ensure there is always exactly one audio listener in the scene.
2025-01-31 21:06:06,750 [ 1] INFO  Unity: There are 2 audio listeners in the scene. Please ensure there is always exactly one audio listener in the scene.
2025-01-31 21:06:06,756 [ 1] INFO  Unity: There are 2 audio listeners in the scene. Please ensure there is always exactly one audio listener in the scene.
2025-01-31 21:06:06,764 [ 1] INFO  Unity: There are 2 audio listeners in the scene. Please ensure there is always exactly one audio listener in the scene.
2025-01-31 21:06:06,771 [ 1] INFO  Unity: There are 2 audio listeners in the scene. Please ensure there is always exactly one audio listener in the scene.
2025-01-31 21:06:06,772 [ 1] INFO  Unity: There are 2 audio listeners in the scene. Please ensure there is always exactly one audio listener in the scene.
2025-01-31 21:06:06,780 [ 1] INFO  Unity: There are 2 audio listeners in the scene. Please ensure there is always exactly one audio listener in the scene.
2025-01-31 21:06:06,788 [ 1] INFO  Unity: There are 2 audio listeners in the scene. Please ensure there is always exactly one audio listener in the scene.
2025-01-31 21:06:06,789 [ 1] INFO  Unity: There are 2 audio listeners in the scene. Please ensure there is always exactly one audio listener in the scene.
2025-01-31 21:06:06,796 [ 1] INFO  Unity: There are 2 audio listeners in the scene. Please ensure there is always exactly one audio listener in the scene.
2025-01-31 21:06:06,804 [ 1] INFO  Unity: There are 2 audio listeners in the scene. Please ensure there is always exactly one audio listener in the scene.
2025-01-31 21:06:06,806 [ 1] INFO  Unity: There are 2 audio listeners in the scene. Please ensure there is always exactly one audio listener in the scene.
2025-01-31 21:06:06,813 [ 1] INFO  Unity: There are 2 audio listeners in the scene. Please ensure there is always exactly one audio listener in the scene.
2025-01-31 21:06:06,822 [ 1] INFO  Unity: There are 2 audio listeners in the scene. Please ensure there is always exactly one audio listener in the scene.
2025-01-31 21:06:06,823 [ 1] INFO  Unity: There are 2 audio listeners in the scene. Please ensure there is always exactly one audio listener in the scene.
2025-01-31 21:06:06,829 [ 1] INFO  Unity: There are 2 audio listeners in the scene. Please ensure there is always exactly one audio listener in the scene.
2025-01-31 21:06:06,837 [ 1] INFO  Unity: There are 2 audio listeners in the scene. Please ensure there is always exactly one audio listener in the scene.
2025-01-31 21:06:06,838 [ 1] INFO  Unity: There are 2 audio listeners in the scene. Please ensure there is always exactly one audio listener in the scene.
2025-01-31 21:06:06,845 [ 1] INFO  Unity: There are 2 audio listeners in the scene. Please ensure there is always exactly one audio listener in the scene.
2025-01-31 21:06:06,852 [ 1] INFO  Unity: There are 2 audio listeners in the scene. Please ensure there is always exactly one audio listener in the scene.
2025-01-31 21:06:06,854 [ 1] INFO  Unity: There are 2 audio listeners in the scene. Please ensure there is always exactly one audio listener in the scene.
2025-01-31 21:06:06,860 [ 1] INFO  Unity: There are 2 audio listeners in the scene. Please ensure there is always exactly one audio listener in the scene.
2025-01-31 21:06:06,870 [ 1] INFO  Unity: There are 2 audio listeners in the scene. Please ensure there is always exactly one audio listener in the scene.
2025-01-31 21:06:06,871 [ 1] INFO  Unity: There are 2 audio listeners in the scene. Please ensure there is always exactly one audio listener in the scene.
2025-01-31 21:06:06,882 [ 1] INFO  Unity: 发送进入游戏请求：Character:t2-1
2025-01-31 21:06:06,884 [ 1] INFO  Unity: There are 2 audio listeners in the scene. Please ensure there is always exactly one audio listener in the scene.
2025-01-31 21:06:06,891 [ 1] INFO  Unity: There are 2 audio listeners in the scene. Please ensure there is always exactly one audio listener in the scene.
2025-01-31 21:06:06,892 [ 1] INFO  Unity: There are 2 audio listeners in the scene. Please ensure there is always exactly one audio listener in the scene.
2025-01-31 21:06:06,900 [ 1] INFO  Unity: There are 2 audio listeners in the scene. Please ensure there is always exactly one audio listener in the scene.
2025-01-31 21:06:06,912 [ 1] INFO  Unity: 接收进入游戏响应：Result:Success Msg:进入游戏成功
2025-01-31 21:06:06,914 [ 1] INFO  Unity: 初始化道具管理器:Item:1 Count:20
2025-01-31 21:06:06,916 [ 1] INFO  Unity: 初始化道具管理器:Item:2 Count:10
2025-01-31 21:06:06,917 [ 1] INFO  Unity: 初始化背包管理器:Bag:20
2025-01-31 21:06:06,924 [ 1] INFO  Unity: GuildService收到公会响应: Success 4:guild2
2025-01-31 21:06:06,925 [ 1] INFO  Unity: MapService接收角色进入地图响应：Character:SkillBridge.Message.NCharacterInfo Map:1Common.Data.MapDefine
2025-01-31 21:06:06,928 [ 1] INFO  Unity: LoadLevel: MainCity
2025-01-31 21:06:06,929 [ 1] INFO  Unity: 角色进入新地图奥特兰
2025-01-31 21:06:06,929 [ 1] INFO  Unity: There are 2 audio listeners in the scene. Please ensure there is always exactly one audio listener in the scene.
2025-01-31 21:06:06,937 [ 1] INFO  Unity: There are 2 audio listeners in the scene. Please ensure there is always exactly one audio listener in the scene.
2025-01-31 21:06:06,937 [ 1] INFO  Unity: There are 2 audio listeners in the scene. Please ensure there is always exactly one audio listener in the scene.
2025-01-31 21:06:06,939 [ 1] INFO  Unity: There are 2 audio listeners in the scene. Please ensure there is always exactly one audio listener in the scene.
2025-01-31 21:06:06,946 [ 1] INFO  Unity: There are 2 audio listeners in the scene. Please ensure there is always exactly one audio listener in the scene.
2025-01-31 21:06:06,954 [ 1] INFO  Unity: There are 2 audio listeners in the scene. Please ensure there is always exactly one audio listener in the scene.
2025-01-31 21:06:06,956 [ 1] INFO  Unity: There are 2 audio listeners in the scene. Please ensure there is always exactly one audio listener in the scene.
2025-01-31 21:06:06,963 [ 1] INFO  Unity: There are 2 audio listeners in the scene. Please ensure there is always exactly one audio listener in the scene.
2025-01-31 21:06:06,970 [ 1] INFO  Unity: There are 2 audio listeners in the scene. Please ensure there is always exactly one audio listener in the scene.
2025-01-31 21:06:06,972 [ 1] INFO  Unity: There are 2 audio listeners in the scene. Please ensure there is always exactly one audio listener in the scene.
2025-01-31 21:06:06,981 [ 1] INFO  Unity: There are 2 audio listeners in the scene. Please ensure there is always exactly one audio listener in the scene.
2025-01-31 21:06:07,440 [ 1] INFO  Unity: There are 2 audio listeners in the scene. Please ensure there is always exactly one audio listener in the scene.
2025-01-31 21:06:07,440 [ 1] INFO  Unity: There are 2 audio listeners in the scene. Please ensure there is always exactly one audio listener in the scene.
2025-01-31 21:06:07,440 [ 1] INFO  Unity: There are 2 audio listeners in the scene. Please ensure there is always exactly one audio listener in the scene.
2025-01-31 21:06:07,440 [ 1] INFO  Unity: There are 2 audio listeners in the scene. Please ensure there is always exactly one audio listener in the scene.
2025-01-31 21:06:07,441 [ 1] INFO  Unity: There are 2 audio listeners in the scene. Please ensure there is always exactly one audio listener in the scene.
2025-01-31 21:06:07,441 [ 1] INFO  Unity: There are 2 audio listeners in the scene. Please ensure there is always exactly one audio listener in the scene.
2025-01-31 21:06:07,441 [ 1] INFO  Unity: There are 2 audio listeners in the scene. Please ensure there is always exactly one audio listener in the scene.
2025-01-31 21:06:07,454 [ 1] INFO  Unity: There are 2 audio listeners in the scene. Please ensure there is always exactly one audio listener in the scene.
2025-01-31 21:06:07,454 [ 1] INFO  Unity: There are 2 audio listeners in the scene. Please ensure there is always exactly one audio listener in the scene.
2025-01-31 21:06:07,454 [ 1] INFO  Unity: There are 2 audio listeners in the scene. Please ensure there is always exactly one audio listener in the scene.
2025-01-31 21:06:07,466 [ 1] INFO  Unity: There are 2 audio listeners in the scene. Please ensure there is always exactly one audio listener in the scene.
2025-01-31 21:06:07,478 [ 1] INFO  Unity: There are 2 audio listeners in the scene. Please ensure there is always exactly one audio listener in the scene.
2025-01-31 21:06:07,479 [ 1] INFO  Unity: There are 2 audio listeners in the scene. Please ensure there is always exactly one audio listener in the scene.
2025-01-31 21:06:07,493 [ 1] INFO  Unity: There are 2 audio listeners in the scene. Please ensure there is always exactly one audio listener in the scene.
2025-01-31 21:06:07,493 [ 1] INFO  Unity: There are 2 audio listeners in the scene. Please ensure there is always exactly one audio listener in the scene.
2025-01-31 21:06:07,519 [ 1] INFO  Unity: There are 2 audio listeners in the scene. Please ensure there is always exactly one audio listener in the scene.
2025-01-31 21:06:07,519 [ 1] INFO  Unity: There are 2 audio listeners in the scene. Please ensure there is always exactly one audio listener in the scene.
2025-01-31 21:06:07,520 [ 1] INFO  Unity: There are 2 audio listeners in the scene. Please ensure there is always exactly one audio listener in the scene.
2025-01-31 21:06:07,602 [ 1] WARN  Unity: GameObject (named 'MinimapManager') references runtime script in scene file. Fixing!

2025-01-31 21:06:07,602 [ 1] WARN  Unity: The class named 'Managers.MinimapManager' is not derived from MonoBehaviour or ScriptableObject!

2025-01-31 21:06:07,672 [ 1] INFO  Unity: LevelLoadCompleted:1
2025-01-31 21:06:07,676 [ 1] WARN  Unity: Failed to create agent because there is no valid NavMesh
UnityEngine.GameObject:AddComponent()
PlayerInputController:Start() (at Assets/Scripts/GameObject/PlayerInputController.cs:57)

2025-01-31 21:12:54,076 [ 1] INFO  Unity: GuildService发送加入公会响应
2025-01-31 21:13:01,687 [ 1] INFO  Unity: EC同步Entity事件:Entity:5
2025-01-31 21:13:01,687 [ 1] INFO  Unity: MapService发送Entity同步请求：Entity：5 EntityEvent：MoveFwd
2025-01-31 21:13:01,830 [ 1] INFO  Unity: EC同步Entity事件:Entity:5
2025-01-31 21:13:01,831 [ 1] INFO  Unity: MapService发送Entity同步请求：Entity：5 EntityEvent：Idle
2025-01-31 21:13:02,048 [ 1] INFO  Unity: EC同步Entity事件:Entity:5
2025-01-31 21:13:02,049 [ 1] INFO  Unity: MapService发送Entity同步请求：Entity：5 EntityEvent：None
2025-01-31 21:13:59,661 [ 1] INFO  Unity: EC同步Entity事件:Entity:5
2025-01-31 21:13:59,661 [ 1] INFO  Unity: MapService发送Entity同步请求：Entity：5 EntityEvent：MoveFwd
2025-01-31 21:13:59,982 [ 1] INFO  Unity: EC同步Entity事件:Entity:5
2025-01-31 21:13:59,983 [ 1] INFO  Unity: MapService发送Entity同步请求：Entity：5 EntityEvent：Idle
2025-01-31 21:14:00,082 [ 1] INFO  Unity: EC同步Entity事件:Entity:5
2025-01-31 21:14:00,082 [ 1] INFO  Unity: MapService发送Entity同步请求：Entity：5 EntityEvent：None
2025-01-31 21:14:01,620 [ 1] FATAL Unity: <log4net.Error>Exception during StringFormat: Input string was not in a correct format. <format>{0
{1}</format><args>{NullReferenceException: Object reference not set to an instance of an object, UIBagButton.OnSelected (Boolean selected) (at Assets/Scripts/UI/UIBag/UIBagButton.cs:39)
UIBagButton.set_isSelected (Boolean value) (at Assets/Scripts/UI/UIBag/UIBagButton.cs:23)
UIBagView.Selected (Int32 idx) (at Assets/Scripts/UI/UIBag/UIBagView.cs:37)
UIBagView.set_curIndex (Int32 value) (at Assets/Scripts/UI/UIBag/UIBagView.cs:17)
UIBagView.Start () (at Assets/Scripts/UI/UIBag/UIBagView.cs:28)
}</args></log4net.Error>
2025-01-31 21:14:04,013 [ 1] FATAL Unity: <log4net.Error>Exception during StringFormat: Input string was not in a correct format. <format>{0
{1}</format><args>{NullReferenceException: Object reference not set to an instance of an object, UIBagButton.OnSelected (Boolean selected) (at Assets/Scripts/UI/UIBag/UIBagButton.cs:39)
UIBagButton.set_isSelected (Boolean value) (at Assets/Scripts/UI/UIBag/UIBagButton.cs:23)
UIBagView.Selected (Int32 idx) (at Assets/Scripts/UI/UIBag/UIBagView.cs:37)
UIBagView.set_curIndex (Int32 value) (at Assets/Scripts/UI/UIBag/UIBagView.cs:17)
UIBagView.Start () (at Assets/Scripts/UI/UIBag/UIBagView.cs:28)
}</args></log4net.Error>
2025-01-31 21:14:09,450 [ 1] INFO  Unity: EC同步Entity事件:Entity:5
2025-01-31 21:14:09,452 [ 1] INFO  Unity: MapService发送Entity同步请求：Entity：5 EntityEvent：MoveFwd
2025-01-31 21:14:10,622 [ 1] INFO  Unity: EC同步Entity事件:Entity:5
2025-01-31 21:14:10,623 [ 1] INFO  Unity: MapService发送Entity同步请求：Entity：5 EntityEvent：Idle
2025-01-31 21:14:11,062 [ 1] INFO  Unity: EC同步Entity事件:Entity:5
2025-01-31 21:14:11,063 [ 1] INFO  Unity: MapService发送Entity同步请求：Entity：5 EntityEvent：None
2025-01-31 21:14:11,626 [ 1] INFO  Unity: EC同步Entity事件:Entity:5
2025-01-31 21:14:11,627 [ 1] INFO  Unity: MapService发送Entity同步请求：Entity：5 EntityEvent：MoveFwd
2025-01-31 21:14:13,795 [ 1] INFO  Unity: EC同步Entity事件:Entity:5
2025-01-31 21:14:13,796 [ 1] INFO  Unity: MapService发送Entity同步请求：Entity：5 EntityEvent：None
2025-01-31 21:14:17,719 [ 1] INFO  Unity: EC同步Entity事件:Entity:5
2025-01-31 21:14:17,719 [ 1] INFO  Unity: MapService发送Entity同步请求：Entity：5 EntityEvent：None
2025-01-31 21:14:19,152 [ 1] ERROR Unity: "SetDestination" can only be called on an active agent that has been placed on a NavMesh.
UnityEngine.AI.NavMeshAgent:SetDestination(Vector3)
<BeginNav>c__Iterator0:MoveNext() (at Assets/Scripts/GameObject/PlayerInputController.cs:185)
UnityEngine.MonoBehaviour:StartCoroutine(IEnumerator)
PlayerInputController:StartNav(Vector3) (at Assets/Scripts/GameObject/PlayerInputController.cs:179)
NPCController:OnMouseDown() (at Assets/Scripts/GameObject/NPCController.cs:53)
UnityEngine.SendMouseEvents:DoSendMouseEvents(Int32)

2025-01-31 21:14:19,186 [ 1] ERROR Unity: "ResetPath" can only be called on an active agent that has been placed on a NavMesh.
UnityEngine.AI.NavMeshAgent:ResetPath()
PlayerInputController:StopNav() (at Assets/Scripts/GameObject/PlayerInputController.cs:202)
PlayerInputController:NavMove() (at Assets/Scripts/GameObject/PlayerInputController.cs:219)
PlayerInputController:FixedUpdate() (at Assets/Scripts/GameObject/PlayerInputController.cs:69)

2025-01-31 21:14:19,187 [ 1] INFO  Unity: EC同步Entity事件:Entity:5
2025-01-31 21:14:19,187 [ 1] INFO  Unity: MapService发送Entity同步请求：Entity：5 EntityEvent：Idle
2025-01-31 21:14:19,203 [ 1] INFO  Unity: EC同步Entity事件:Entity:5
2025-01-31 21:14:19,204 [ 1] INFO  Unity: MapService发送Entity同步请求：Entity：5 EntityEvent：MoveFwd
2025-01-31 21:14:19,272 [ 1] INFO  Unity: EC同步Entity事件:Entity:5
2025-01-31 21:14:19,273 [ 1] INFO  Unity: MapService发送Entity同步请求：Entity：5 EntityEvent：Idle
2025-01-31 21:14:23,170 [ 1] INFO  Unity: ItemService发送道具购买请求：Shop:2 ShopItem:9
2025-01-31 21:15:37,313 [ 1] INFO  Unity: ItemService接收道具购买请求：Result:Success Info:None
2025-01-31 21:15:37,315 [ 1] INFO  Unity: StatusService 接收并处理StatusNotify: Type:Gold Action:Add Id:0 Value:300
2025-01-31 21:15:37,316 [ 1] INFO  Unity: StatusService 接收并处理StatusNotify: Type:Item Action:Add Id:1001 Value:1
2025-01-31 21:15:37,317 [ 1] INFO  Unity: GuildService收到公会响应: Success 4:guild2
2025-01-31 21:15:49,085 [ 1] INFO  Unity: EC同步Entity事件:Entity:5
2025-01-31 21:15:49,086 [ 1] INFO  Unity: MapService发送Entity同步请求：Entity：5 EntityEvent：MoveFwd
2025-01-31 21:15:49,887 [ 1] INFO  Unity: EC同步Entity事件:Entity:5
2025-01-31 21:15:49,887 [ 1] INFO  Unity: MapService发送Entity同步请求：Entity：5 EntityEvent：None
2025-01-31 21:15:51,486 [ 1] INFO  Unity: EC同步Entity事件:Entity:5
2025-01-31 21:15:51,487 [ 1] INFO  Unity: MapService发送Entity同步请求：Entity：5 EntityEvent：Idle
2025-01-31 21:15:52,111 [ 1] ERROR Unity: "SetDestination" can only be called on an active agent that has been placed on a NavMesh.
UnityEngine.AI.NavMeshAgent:SetDestination(Vector3)
<BeginNav>c__Iterator0:MoveNext() (at Assets/Scripts/GameObject/PlayerInputController.cs:185)
UnityEngine.MonoBehaviour:StartCoroutine(IEnumerator)
PlayerInputController:StartNav(Vector3) (at Assets/Scripts/GameObject/PlayerInputController.cs:179)
NPCController:OnMouseDown() (at Assets/Scripts/GameObject/NPCController.cs:53)
UnityEngine.SendMouseEvents:DoSendMouseEvents(Int32)

2025-01-31 21:15:52,123 [ 1] INFO  Unity: EC同步Entity事件:Entity:5
2025-01-31 21:15:52,124 [ 1] INFO  Unity: MapService发送Entity同步请求：Entity：5 EntityEvent：MoveFwd
2025-01-31 21:15:52,144 [ 1] ERROR Unity: "ResetPath" can only be called on an active agent that has been placed on a NavMesh.
UnityEngine.AI.NavMeshAgent:ResetPath()
PlayerInputController:StopNav() (at Assets/Scripts/GameObject/PlayerInputController.cs:202)
PlayerInputController:NavMove() (at Assets/Scripts/GameObject/PlayerInputController.cs:219)
PlayerInputController:FixedUpdate() (at Assets/Scripts/GameObject/PlayerInputController.cs:69)

2025-01-31 21:15:52,145 [ 1] INFO  Unity: EC同步Entity事件:Entity:5
2025-01-31 21:15:52,146 [ 1] INFO  Unity: MapService发送Entity同步请求：Entity：5 EntityEvent：Idle
2025-01-31 21:15:52,904 [ 1] ERROR Unity: "SetDestination" can only be called on an active agent that has been placed on a NavMesh.
UnityEngine.AI.NavMeshAgent:SetDestination(Vector3)
<BeginNav>c__Iterator0:MoveNext() (at Assets/Scripts/GameObject/PlayerInputController.cs:185)
UnityEngine.MonoBehaviour:StartCoroutine(IEnumerator)
PlayerInputController:StartNav(Vector3) (at Assets/Scripts/GameObject/PlayerInputController.cs:179)
NPCController:OnMouseDown() (at Assets/Scripts/GameObject/NPCController.cs:53)
UnityEngine.SendMouseEvents:DoSendMouseEvents(Int32)

2025-01-31 21:15:52,915 [ 1] INFO  Unity: EC同步Entity事件:Entity:5
2025-01-31 21:15:52,915 [ 1] INFO  Unity: MapService发送Entity同步请求：Entity：5 EntityEvent：MoveFwd
2025-01-31 21:15:52,926 [ 1] ERROR Unity: "ResetPath" can only be called on an active agent that has been placed on a NavMesh.
UnityEngine.AI.NavMeshAgent:ResetPath()
PlayerInputController:StopNav() (at Assets/Scripts/GameObject/PlayerInputController.cs:202)
PlayerInputController:NavMove() (at Assets/Scripts/GameObject/PlayerInputController.cs:219)
PlayerInputController:FixedUpdate() (at Assets/Scripts/GameObject/PlayerInputController.cs:69)

2025-01-31 21:15:52,927 [ 1] INFO  Unity: EC同步Entity事件:Entity:5
2025-01-31 21:15:52,928 [ 1] INFO  Unity: MapService发送Entity同步请求：Entity：5 EntityEvent：Idle
2025-01-31 21:15:53,274 [ 1] ERROR Unity: "SetDestination" can only be called on an active agent that has been placed on a NavMesh.
UnityEngine.AI.NavMeshAgent:SetDestination(Vector3)
<BeginNav>c__Iterator0:MoveNext() (at Assets/Scripts/GameObject/PlayerInputController.cs:185)
UnityEngine.MonoBehaviour:StartCoroutine(IEnumerator)
PlayerInputController:StartNav(Vector3) (at Assets/Scripts/GameObject/PlayerInputController.cs:179)
NPCController:OnMouseDown() (at Assets/Scripts/GameObject/NPCController.cs:53)
UnityEngine.SendMouseEvents:DoSendMouseEvents(Int32)

2025-01-31 21:15:53,286 [ 1] INFO  Unity: EC同步Entity事件:Entity:5
2025-01-31 21:15:53,286 [ 1] INFO  Unity: MapService发送Entity同步请求：Entity：5 EntityEvent：MoveFwd
2025-01-31 21:15:53,297 [ 1] ERROR Unity: "ResetPath" can only be called on an active agent that has been placed on a NavMesh.
UnityEngine.AI.NavMeshAgent:ResetPath()
PlayerInputController:StopNav() (at Assets/Scripts/GameObject/PlayerInputController.cs:202)
PlayerInputController:NavMove() (at Assets/Scripts/GameObject/PlayerInputController.cs:219)
PlayerInputController:FixedUpdate() (at Assets/Scripts/GameObject/PlayerInputController.cs:69)

2025-01-31 21:15:53,298 [ 1] INFO  Unity: EC同步Entity事件:Entity:5
2025-01-31 21:15:53,299 [ 1] INFO  Unity: MapService发送Entity同步请求：Entity：5 EntityEvent：Idle
2025-01-31 21:15:55,392 [ 1] INFO  Unity: EC同步Entity事件:Entity:5
2025-01-31 21:15:55,393 [ 1] INFO  Unity: MapService发送Entity同步请求：Entity：5 EntityEvent：MoveFwd
2025-01-31 21:15:56,397 [ 1] INFO  Unity: EC同步Entity事件:Entity:5
2025-01-31 21:15:56,398 [ 1] INFO  Unity: MapService发送Entity同步请求：Entity：5 EntityEvent：Idle
2025-01-31 21:15:56,497 [ 1] INFO  Unity: EC同步Entity事件:Entity:5
2025-01-31 21:15:56,498 [ 1] INFO  Unity: MapService发送Entity同步请求：Entity：5 EntityEvent：None
2025-01-31 21:27:41,445 [ 1] INFO  Unity: GuildService发送管理公会请求
2025-01-31 21:36:48,893 [ 1] INFO  Unity: GuildService收到公会响应: Success 4:guild2
2025-01-31 21:40:55,231 [ 1] INFO  Unity: GuildService收到管理公会响应: SkillBridge.Message.GuildAdminRequest Success
2025-01-31 21:41:27,263 [ 1] INFO  Unity: GuildService发送管理公会请求
2025-01-31 21:42:31,345 [ 1] INFO  Unity: EC同步Entity事件:Entity:5
2025-01-31 21:42:31,346 [ 1] INFO  Unity: MapService发送Entity同步请求：Entity：5 EntityEvent：MoveFwd
2025-01-31 21:42:31,511 [ 1] INFO  Unity: EC同步Entity事件:Entity:5
2025-01-31 21:42:31,512 [ 1] INFO  Unity: MapService发送Entity同步请求：Entity：5 EntityEvent：Idle
2025-01-31 21:42:31,541 [ 1] INFO  Unity: EC同步Entity事件:Entity:5
2025-01-31 21:42:31,542 [ 1] INFO  Unity: MapService发送Entity同步请求：Entity：5 EntityEvent：None
2025-01-31 21:42:31,850 [ 1] INFO  Unity: EC同步Entity事件:Entity:5
2025-01-31 21:42:31,851 [ 1] INFO  Unity: MapService发送Entity同步请求：Entity：5 EntityEvent：None
2025-01-31 21:43:52,259 [ 1] INFO  Unity: GuildService发送管理公会请求
2025-01-31 21:45:50,082 [ 1] INFO  Unity: GuildService收到公会响应: Success 4:guild2
2025-01-31 21:45:50,085 [ 1] INFO  Unity: GuildService收到管理公会响应: SkillBridge.Message.GuildAdminRequest Success
2025-01-31 21:46:23,760 [ 1] INFO  Unity: OnDestroy NetworkManager.
2025-01-31 21:46:23,761 [ 1] WARN  Unity: CloseConnection(), errorCode: 1007
UnityEngine.Debug:LogWarning(Object)
Network.NetClient:CloseConnection(Int32) (at Assets/Scripts/Network/NetClient.cs:176)
Network.NetClient:OnDestroy() (at Assets/Scripts/Network/NetClient.cs:171)

2025-01-31 21:46:23,771 [ 1] INFO  Unity: EntityDestroy: Entity: 5
